(---------------------------------------------------------------------)
(                                                                     )
(    Allegro Netrev Import Logic                                      )
(                                                                     )
(    Drawing          : 0716_lib.brd                                  )
(    Software Version : 16.5P002                                      )
(    Date/Time        : Tue Jul 16 17:40:28 2019                      )
(                                                                     )
(---------------------------------------------------------------------)


------ Directives ------

RIPUP_ETCH FALSE;
RIPUP_DELETE_FIRST_SEGMENT FALSE;
RIPUP_RETAIN_BONDWIRE FALSE;
RIPUP_SYMBOLS ALWAYS;
Missing symbol has error FALSE;
SCHEMATIC_DIRECTORY 'C:\CADENCE\SPB_16.5\TOOLS\CAPTURE\My_lib\allegro';
BOARD_DIRECTORY '';
OLD_BOARD_NAME 'C:/CADENCE/SPB_16.5/TOOLS/CAPTURE/My_lib/allegro/0716_lib.brd';
NEW_BOARD_NAME 'C:/CADENCE/SPB_16.5/TOOLS/CAPTURE/My_lib/allegro/0716_lib.brd';

CmdLine: netrev.exe -5 -y 1 -n -i C:\CADENCE\SPB_16.5\TOOLS\CAPTURE\My_lib\allegro C:\CADENCE\SPB_16.5\TOOLS\CAPTURE\My_lib\allegro\0716_lib.brd C:\CADENCE\SPB_16.5\TOOLS\CAPTURE\My_lib\allegro\0716_lib.brd

------ Preparing to read pst files ------

Starting to read C:/CADENCE/SPB_16.5/TOOLS/CAPTURE/My_lib/allegro/pstchip.dat 
   Finished reading C:/CADENCE/SPB_16.5/TOOLS/CAPTURE/My_lib/allegro/pstchip.dat (00:00:00.04)
Starting to read C:/CADENCE/SPB_16.5/TOOLS/CAPTURE/My_lib/allegro/pstxprt.dat 
   Finished reading C:/CADENCE/SPB_16.5/TOOLS/CAPTURE/My_lib/allegro/pstxprt.dat (00:00:00.00)
Starting to read C:/CADENCE/SPB_16.5/TOOLS/CAPTURE/My_lib/allegro/pstxnet.dat 
   Finished reading C:/CADENCE/SPB_16.5/TOOLS/CAPTURE/My_lib/allegro/pstxnet.dat (00:00:00.00)

------ Oversights/Warnings/Errors ------


#1   WARNING(SPMHNI-192): Device/Symbol check warning detected. [help]

WARNING(SPMHNI-194): Symbol 'ATMEGA328_DIP' for device 'DIPSOC-14X2_CAP_ATMEGA328_DIP_D' not found in PSMPATH or must be "dbdoctor"ed.

#2   WARNING(SPMHNI-192): Device/Symbol check warning detected. [help]

WARNING(SPMHNI-194): Symbol 'ATMEGA328_TQFP' for device 'DIPSOC-16X2_ATMEGA328_TQFP_DIPS' not found in PSMPATH or must be "dbdoctor"ed.

#3   WARNING(SPMHNI-192): Device/Symbol check warning detected. [help]

WARNING(SPMHNI-194): Symbol 'ATMEGA328P_TQFP' for device 'DIPSOC-14X2/SM_ATMEGA328P_TQFP_' not found in PSMPATH or must be "dbdoctor"ed.

#4   WARNING(SPMHNI-192): Device/Symbol check warning detected. [help]

WARNING(SPMHNI-194): Symbol 'ATMEGA128' for device 'ATMEGA128_ATMEGA128_(S1+S2+S3+S' not found in PSMPATH or must be "dbdoctor"ed.

------ Library Paths ------
MODULEPATH =  . 
           C:/Cadence/SPB_16.5/share/local/pcb/modules 

PSMPATH =  . 
           symbols 
           .. 
           ../symbols 
           C:/Cadence/SPB_16.5/share/local/pcb/symbols 
           C:/Cadence/SPB_16.5/share/pcb/pcb_lib/symbols 
           C:/Cadence/SPB_16.5/share/pcb/allegrolib/symbols 
           C:\Users\user\Desktop\work\PCB_Lib\Footprint\ 

PADPATH =  . 
           symbols 
           .. 
           ../symbols 
           C:/Cadence/SPB_16.5/share/local/pcb/padstacks 
           C:/Cadence/SPB_16.5/share/pcb/pcb_lib/symbols 
           C:/Cadence/SPB_16.5/share/pcb/allegrolib/symbols 
           C:\USERS\USER\DESKTOP\WORK\PCB_LIB\PAKEGESIMBOL\ 


------ Summary Statistics ------


netrev run on Jul 16 17:40:28 2019
   DESIGN NAME : '0716_LIB'
   PACKAGING ON Apr 21 2011 10:02:30

   COMPILE 'logic'
   CHECK_PIN_NAMES OFF
   CROSS_REFERENCE OFF
   FEEDBACK OFF
   INCREMENTAL OFF
   INTERFACE_TYPE PHYSICAL
   MAX_ERRORS 500
   MERGE_MINIMUM 5
   NET_NAME_CHARS '#%&()*+-./:=>?@[]^_`|'
   NET_NAME_LENGTH 24
   OVERSIGHTS ON
   REPLACE_CHECK OFF
   SINGLE_NODE_NETS ON
   SPLIT_MINIMUM 0
   SUPPRESS   20
   WARNINGS ON

 No error detected
 No oversight detected
  4 warnings detected

cpu time      0:00:31
elapsed time  0:00:00

